Using pre-set license
Built from '2022.3/staging' branch; Version is '2022.3.6f1 (b9e6e7e9fa2d) revision 12183271'; Using compiler version '192829333'; Build Type 'Release'
OS: 'Windows 10  (10.0.19045) 64bit Core' Language: 'fr' Physical Memory: 32693 MB
BatchMode: 1, IsHumanControllingUs: 0, StartBugReporterOnCrash: 0, Is64bit: 1, IsPro: 1

COMMAND LINE ARGUMENTS:
C:\Program Files\Unity\Hub\Editor\2022.3.6f1\Editor\Unity.exe
-adb2
-batchMode
-noUpm
-name
AssetImportWorker0
-projectPath
C:/Users/Gil/Documents/GitHub/Face-Tracking-Patcher/DemoProject
-logFile
Logs/AssetImportWorker0.log
-srvPort
55946
Successfully changed project path to: C:/Users/Gil/Documents/GitHub/Face-Tracking-Patcher/DemoProject
C:/Users/Gil/Documents/GitHub/Face-Tracking-Patcher/DemoProject
[UnityMemory] Configuration Parameters - Can be set up in boot.config
    "memorysetup-bucket-allocator-granularity=16"
    "memorysetup-bucket-allocator-bucket-count=8"
    "memorysetup-bucket-allocator-block-size=33554432"
    "memorysetup-bucket-allocator-block-count=8"
    "memorysetup-main-allocator-block-size=16777216"
    "memorysetup-thread-allocator-block-size=16777216"
    "memorysetup-gfx-main-allocator-block-size=16777216"
    "memorysetup-gfx-thread-allocator-block-size=16777216"
    "memorysetup-cache-allocator-block-size=4194304"
    "memorysetup-typetree-allocator-block-size=2097152"
    "memorysetup-profiler-bucket-allocator-granularity=16"
    "memorysetup-profiler-bucket-allocator-bucket-count=8"
    "memorysetup-profiler-bucket-allocator-block-size=33554432"
    "memorysetup-profiler-bucket-allocator-block-count=8"
    "memorysetup-profiler-allocator-block-size=16777216"
    "memorysetup-profiler-editor-allocator-block-size=1048576"
    "memorysetup-temp-allocator-size-main=16777216"
    "memorysetup-job-temp-allocator-block-size=2097152"
    "memorysetup-job-temp-allocator-block-size-background=1048576"
    "memorysetup-job-temp-allocator-reduction-small-platforms=262144"
    "memorysetup-allocator-temp-initial-block-size-main=262144"
    "memorysetup-allocator-temp-initial-block-size-worker=262144"
    "memorysetup-temp-allocator-size-background-worker=32768"
    "memorysetup-temp-allocator-size-job-worker=262144"
    "memorysetup-temp-allocator-size-preload-manager=33554432"
    "memorysetup-temp-allocator-size-nav-mesh-worker=65536"
    "memorysetup-temp-allocator-size-audio-worker=65536"
    "memorysetup-temp-allocator-size-cloud-worker=32768"
    "memorysetup-temp-allocator-size-gi-baking-worker=262144"
    "memorysetup-temp-allocator-size-gfx=262144"
Player connection [21852] Host "[IP] 192.168.1.171 [Port] 0 [Flags] 2 [Guid] 2197193505 [EditorId] 2197193505 [Version] 1048832 [Id] WindowsEditor(7,DESKTOP-FKSGJI1) [Debug] 1 [PackageName] WindowsEditor [ProjectName] Editor" joined multi-casting on [225.0.0.222:54997]...

Player connection [21852] Host "[IP] 192.168.1.171 [Port] 0 [Flags] 2 [Guid] 2197193505 [EditorId] 2197193505 [Version] 1048832 [Id] WindowsEditor(7,DESKTOP-FKSGJI1) [Debug] 1 [PackageName] WindowsEditor [ProjectName] Editor" joined alternative multi-casting on [225.0.0.222:34997]...

Refreshing native plugins compatible for Editor in 6.18 ms, found 3 plugins.
Preloading 0 native plugins for Editor in 0.00 ms.
Initialize engine version: 2022.3.6f1 (b9e6e7e9fa2d)
[Subsystems] Discovering subsystems at path C:/Program Files/Unity/Hub/Editor/2022.3.6f1/Editor/Data/Resources/UnitySubsystems
[Subsystems] Discovering subsystems at path C:/Users/Gil/Documents/GitHub/Face-Tracking-Patcher/DemoProject/Assets
GfxDevice: creating device client; threaded=0; jobified=0
Direct3D:
    Version:  Direct3D 11.0 [level 11.1]
    Renderer: NVIDIA GeForce RTX 3090 (ID=0x2204)
    Vendor:   NVIDIA
    VRAM:     24340 MB
    Driver:   31.0.15.4633
Initialize mono
Mono path[0] = 'C:/Program Files/Unity/Hub/Editor/2022.3.6f1/Editor/Data/Managed'
Mono path[1] = 'C:/Program Files/Unity/Hub/Editor/2022.3.6f1/Editor/Data/MonoBleedingEdge/lib/mono/unityjit-win32'
Mono config path = 'C:/Program Files/Unity/Hub/Editor/2022.3.6f1/Editor/Data/MonoBleedingEdge/etc'
Using monoOptions --debugger-agent=transport=dt_socket,embedding=1,server=y,suspend=n,address=127.0.0.1:56164
Begin MonoManager ReloadAssembly
Registering precompiled unity dll's ...
Register platform support module: C:/Program Files/Unity/Hub/Editor/2022.3.6f1/Editor/Data/PlaybackEngines/AndroidPlayer/UnityEditor.Android.Extensions.dll
Register platform support module: C:/Program Files/Unity/Hub/Editor/2022.3.6f1/Editor/Data/PlaybackEngines/WindowsStandaloneSupport/UnityEditor.WindowsStandalone.Extensions.dll
Registered in 0.007083 seconds.
- Loaded All Assemblies, in  0.232 seconds
Native extension for WindowsStandalone target not found
Native extension for Android target not found
Mono: successfully reloaded assembly
- Finished resetting the current domain, in  0.223 seconds
Domain Reload Profiling: 454ms
	BeginReloadAssembly (60ms)
		ExecutionOrderSort (0ms)
		DisableScriptedObjects (0ms)
		BackupInstance (0ms)
		ReleaseScriptingObjects (0ms)
		CreateAndSetChildDomain (1ms)
	RebuildCommonClasses (23ms)
	RebuildNativeTypeToScriptingClass (7ms)
	initialDomainReloadingComplete (44ms)
	LoadAllAssembliesAndSetupDomain (96ms)
		LoadAssemblies (59ms)
		RebuildTransferFunctionScriptingTraits (0ms)
		AnalyzeDomain (92ms)
			TypeCache.Refresh (91ms)
				TypeCache.ScanAssembly (84ms)
			ScanForSourceGeneratedMonoScriptInfo (0ms)
			ResolveRequiredComponents (0ms)
	FinalizeReload (224ms)
		ReleaseScriptCaches (0ms)
		RebuildScriptCaches (0ms)
		SetupLoadedEditorAssemblies (183ms)
			LogAssemblyErrors (0ms)
			InitializePlatformSupportModulesInManaged (68ms)
			SetLoadedEditorAssemblies (3ms)
			RefreshPlugins (0ms)
			BeforeProcessingInitializeOnLoad (1ms)
			ProcessInitializeOnLoadAttributes (77ms)
			ProcessInitializeOnLoadMethodAttributes (34ms)
			AfterProcessingInitializeOnLoad (0ms)
			EditorAssembliesLoaded (0ms)
		ExecutionOrderSort2 (0ms)
		AwakeInstancesAfterBackupRestoration (0ms)
========================================================================
Worker process is ready to serve import requests
Begin MonoManager ReloadAssembly
Symbol file LoadedFromMemory doesn't match image C:\Users\Gil\Documents\GitHub\Face-Tracking-Patcher\DemoProject\Library\PackageCache\com.unity.visualscripting@1.8.0\Editor\VisualScripting.Core\Dependencies\YamlDotNet\Unity.VisualScripting.YamlDotNet.dll
Symbol file LoadedFromMemory doesn't match image C:\Users\Gil\Documents\GitHub\Face-Tracking-Patcher\DemoProject\Library\PackageCache\com.unity.visualscripting@1.8.0\Editor\VisualScripting.Core\Dependencies\DotNetZip\Unity.VisualScripting.IonicZip.dll
- Loaded All Assemblies, in  0.481 seconds
Refreshing native plugins compatible for Editor in 1.76 ms, found 3 plugins.
Native extension for WindowsStandalone target not found
Native extension for Android target not found
Package Manager log level set to [2]
[Package Manager] Server::EnsureServerProcessIsRunning -- launch failed, reason: Unity was launched with the -noUpm command-line argument
[Package Manager] UpmClient::Send -- Unable to send message (not connected to UPM process).
[Package Manager] Cannot connect to Unity Package Manager local server
Mono: successfully reloaded assembly
- Finished resetting the current domain, in  0.375 seconds
Domain Reload Profiling: 855ms
	BeginReloadAssembly (95ms)
		ExecutionOrderSort (0ms)
		DisableScriptedObjects (4ms)
		BackupInstance (0ms)
		ReleaseScriptingObjects (0ms)
		CreateAndSetChildDomain (16ms)
	RebuildCommonClasses (22ms)
	RebuildNativeTypeToScriptingClass (7ms)
	initialDomainReloadingComplete (31ms)
	LoadAllAssembliesAndSetupDomain (324ms)
		LoadAssemblies (175ms)
		RebuildTransferFunctionScriptingTraits (0ms)
		AnalyzeDomain (192ms)
			TypeCache.Refresh (180ms)
				TypeCache.ScanAssembly (171ms)
			ScanForSourceGeneratedMonoScriptInfo (10ms)
			ResolveRequiredComponents (2ms)
	FinalizeReload (375ms)
		ReleaseScriptCaches (0ms)
		RebuildScriptCaches (0ms)
		SetupLoadedEditorAssemblies (266ms)
			LogAssemblyErrors (0ms)
			InitializePlatformSupportModulesInManaged (17ms)
			SetLoadedEditorAssemblies (2ms)
			RefreshPlugins (0ms)
			BeforeProcessingInitializeOnLoad (43ms)
			ProcessInitializeOnLoadAttributes (186ms)
			ProcessInitializeOnLoadMethodAttributes (13ms)
			AfterProcessingInitializeOnLoad (5ms)
			EditorAssembliesLoaded (0ms)
		ExecutionOrderSort2 (0ms)
		AwakeInstancesAfterBackupRestoration (4ms)
Launched and connected shader compiler UnityShaderCompiler.exe after 0.03 seconds
Refreshing native plugins compatible for Editor in 1.94 ms, found 3 plugins.
Preloading 0 native plugins for Editor in 0.00 ms.
Unloading 3078 Unused Serialized files (Serialized files now loaded: 0)
Unloading 31 unused Assets / (56.4 KB). Loaded Objects now: 3543.
Memory consumption went from 122.7 MB to 122.6 MB.
Total: 2.579200 ms (FindLiveObjects: 0.167500 ms CreateObjectMapping: 0.093700 ms MarkObjects: 2.249100 ms  DeleteObjects: 0.068500 ms)

AssetImportParameters requested are different than current active one (requested -> active):
  custom:container-demuxer-ogg: 62fdf1f143b41e24485cea50d1cbac27 -> 
  custom:video-decoder-ogg-theora: a1e56fd34408186e4bbccfd4996cb3dc -> 
  custom:framework-win-MediaFoundation: 216162199b28c13a410421893ffa2e32 -> 
  custom:CustomObjectIndexerAttribute: 756ad292c208cfabdd7b50bc23989ffe -> 
  custom:container-demuxer-webm: 4f35f7cbe854078d1ac9338744f61a02 -> 
  custom:container-muxer-webm: aa71ff27fc2769a1b78a27578f13a17b -> 
  custom:video-decoder-webm-vp8: 9c59270c3fd7afecdb556c50c9e8de78 -> 
  custom:SearchIndexIgnoredProperties: e643bd26f0fe6173181afceb89e7c659 -> 
  custom:AudioImporter_EditorPlatform: d09bf68614088b80899f8185d706f6e7 -> 
  custom:video-encoder-webm-vp8: eb34c28f22e8b96e1ab97ce403110664 -> 
  custom:audio-decoder-ogg-vorbis: bf7c407c2cedff20999df2af8eb42d56 -> 
  custom:audio-encoder-webm-vorbis: bf7c407c2cedff20999df2af8eb42d56 -> 
========================================================================
Received Import Request.
  Time since last request: 67282.375045 seconds.
  path: Assets/Hash's_Things/MyModifiedBlenderCube/patcher/data/hdiff/hpatchz/Mac/hpatchz
  artifactKey: Guid(41f372d8dc0d553479878211f8402311) Importer(815301076,1909f56bfc062723c751e8b465ee728b)
Start importing Assets/Hash's_Things/MyModifiedBlenderCube/patcher/data/hdiff/hpatchz/Mac/hpatchz using Guid(41f372d8dc0d553479878211f8402311) Importer(815301076,1909f56bfc062723c751e8b465ee728b)  -> (artifact id: 'ff077a4dedf1e5e87b7f4f817972c140') in 0.007113 seconds
Number of updated asset objects reloaded before import = 0
Number of asset objects unloaded after import = 1
========================================================================
Received Import Request.
  Time since last request: 0.003251 seconds.
  path: Assets/Hash's_Things/MyModifiedBlenderCube/patcher/data/hdiff/hpatchz/Windows
  artifactKey: Guid(d0f4ce8f9507ea24eaebd91e00010119) Importer(815301076,1909f56bfc062723c751e8b465ee728b)
Start importing Assets/Hash's_Things/MyModifiedBlenderCube/patcher/data/hdiff/hpatchz/Windows using Guid(d0f4ce8f9507ea24eaebd91e00010119) Importer(815301076,1909f56bfc062723c751e8b465ee728b)  -> (artifact id: '0401b0b0bdfd67a08ca6a5fe314faf0d') in 0.000301 seconds
Number of updated asset objects reloaded before import = 0
Number of asset objects unloaded after import = 0
========================================================================
Received Import Request.
  Time since last request: 0.005721 seconds.
  path: Assets/Hash's_Things/MyModifiedBlenderCube/patcher/data/hdiff/hpatchz/Windows/hpatchz.exe
  artifactKey: Guid(70a7242a2e6138f4cadc665503092bb3) Importer(815301076,1909f56bfc062723c751e8b465ee728b)
Start importing Assets/Hash's_Things/MyModifiedBlenderCube/patcher/data/hdiff/hpatchz/Windows/hpatchz.exe using Guid(70a7242a2e6138f4cadc665503092bb3) Importer(815301076,1909f56bfc062723c751e8b465ee728b)  -> (artifact id: '1d1e9e5e5250611ad9775b2d5d618535') in 0.000676 seconds
Number of updated asset objects reloaded before import = 0
Number of asset objects unloaded after import = 1
========================================================================
Received Import Request.
  Time since last request: 0.003968 seconds.
  path: Assets/Hash's_Things/MyModifiedBlenderCube/patcher/data/hdiff/hpatchz/Linux/hpatchz
  artifactKey: Guid(ae77a64785335a8448fe827854470d8c) Importer(815301076,1909f56bfc062723c751e8b465ee728b)
Start importing Assets/Hash's_Things/MyModifiedBlenderCube/patcher/data/hdiff/hpatchz/Linux/hpatchz using Guid(ae77a64785335a8448fe827854470d8c) Importer(815301076,1909f56bfc062723c751e8b465ee728b)  -> (artifact id: '6835d5272282e247ab27a08e68c089d9') in 0.000500 seconds
Number of updated asset objects reloaded before import = 0
Number of asset objects unloaded after import = 1
========================================================================
Received Import Request.
  Time since last request: 0.002998 seconds.
  path: Assets/Hash's_Things/MyModifiedBlenderCube/patcher/data/hdiff/hpatchz/Linux
  artifactKey: Guid(f55f76c2a170b0f4d8f546dd7343cac8) Importer(815301076,1909f56bfc062723c751e8b465ee728b)
Start importing Assets/Hash's_Things/MyModifiedBlenderCube/patcher/data/hdiff/hpatchz/Linux using Guid(f55f76c2a170b0f4d8f546dd7343cac8) Importer(815301076,1909f56bfc062723c751e8b465ee728b)  -> (artifact id: '4c1db2f953fbc4d6b4fb49517261af60') in 0.000332 seconds
Number of updated asset objects reloaded before import = 0
Number of asset objects unloaded after import = 0
========================================================================
Received Import Request.
  Time since last request: 0.001724 seconds.
  path: Assets/Hash's_Things/MyModifiedBlenderCube/patcher/data/hdiff/hpatchz/Mac
  artifactKey: Guid(7c2f80d74b4d2f5489606eff2c68440e) Importer(815301076,1909f56bfc062723c751e8b465ee728b)
Start importing Assets/Hash's_Things/MyModifiedBlenderCube/patcher/data/hdiff/hpatchz/Mac using Guid(7c2f80d74b4d2f5489606eff2c68440e) Importer(815301076,1909f56bfc062723c751e8b465ee728b)  -> (artifact id: '5a1676b0ac3344cc3ba9d0c991afb021') in 0.000284 seconds
Number of updated asset objects reloaded before import = 0
Number of asset objects unloaded after import = 0
========================================================================
Received Import Request.
  Time since last request: 29.515740 seconds.
  path: Assets/Hash's_Things/EditDistributor/Editor/CommunFonctions.cs
  artifactKey: Guid(24616e4f1464f18418bfaa3b4fa6a6cb) Importer(815301076,1909f56bfc062723c751e8b465ee728b)
Start importing Assets/Hash's_Things/EditDistributor/Editor/CommunFonctions.cs using Guid(24616e4f1464f18418bfaa3b4fa6a6cb) Importer(815301076,1909f56bfc062723c751e8b465ee728b)  -> (artifact id: 'db2cc3f1aa5f8608338fb3b49095ec37') in 0.000391 seconds
Number of updated asset objects reloaded before import = 0
Number of asset objects unloaded after import = 0
========================================================================
Received Import Request.
  Time since last request: 0.022966 seconds.
  path: Assets/Hash's_Things/EditDistributor/Editor/EditDistributorBuilder.cs
  artifactKey: Guid(bed1d0a9279ac1f49b316f555a96208d) Importer(815301076,1909f56bfc062723c751e8b465ee728b)
Start importing Assets/Hash's_Things/EditDistributor/Editor/EditDistributorBuilder.cs using Guid(bed1d0a9279ac1f49b316f555a96208d) Importer(815301076,1909f56bfc062723c751e8b465ee728b)  -> (artifact id: 'a60492d7bca9e8af30f1f0e62b097bbc') in 0.000470 seconds
Number of updated asset objects reloaded before import = 0
Number of asset objects unloaded after import = 0
